<?xml version="1.0" encoding="UTF-8"?>
<!-- Generated by org.testng.reporters.JUnitXMLReporter -->
<testsuite hostname="LAPTOP-TO1HRTQE" failures="0" tests="3" name="Test" time="8.625" errors="0" timestamp="13 Oct 2018 10:39:17 GMT">
  <testcase classname="com.qachallenge.suite.RestAssured.Stop_Finder" name="verifystatus" time="4.94"/>
  <testcase classname="com.qachallenge.suite.RestAssured.Stop_Finder" name="verifystopsmodes" time="1.89"/>
  <testcase classname="com.qachallenge.suite.RestAssured.Stop_Finder" name="whenValidateResponseTime_thenSuccess" time="0.365"/>
</testsuite> <!-- Test -->
