<?xml version="1.0" encoding="UTF-8"?>
<!-- Generated by org.testng.reporters.JUnitXMLReporter -->
<testsuite hostname="LAPTOP-TO1HRTQE" failures="0" tests="3" name="Test" time="11.562" errors="0" timestamp="13 Oct 2018 06:34:01 GMT">
  <testcase classname="com.qachallenge.suite.RestAssured.Stop_Finder" name="verifylocationname" time="7.925"/>
  <testcase classname="com.qachallenge.suite.RestAssured.Stop_Finder" name="verifystatus" time="0.544"/>
  <testcase classname="com.qachallenge.suite.RestAssured.Stop_Finder" name="whenValidateResponseTime_thenSuccess" time="0.608"/>
</testsuite> <!-- Test -->
