<?xml version="1.0" encoding="UTF-8"?>
<testng-results ignored="0" total="3" passed="3" failed="0" skipped="0">
  <reporter-output>
  </reporter-output>
  <suite started-at="2018-10-14T01:05:05Z" name="Suite" finished-at="2018-10-14T01:05:12Z" duration-ms="7566">
    <groups>
    </groups>
    <test started-at="2018-10-14T01:05:05Z" name="Test" finished-at="2018-10-14T01:05:12Z" duration-ms="7566">
      <class name="com.qachallenge.suite.RestAssured.Stop_Finder">
        <test-method is-config="true" signature="setup()[pri:0, instance:com.qachallenge.suite.RestAssured.Stop_Finder@65fb9ffc]" started-at="2018-10-14T01:05:05Z" name="setup" finished-at="2018-10-14T01:05:06Z" duration-ms="1228" status="PASS">
          <reporter-output>
          </reporter-output>
        </test-method> <!-- setup -->
        <test-method signature="verifystatus()[pri:0, instance:com.qachallenge.suite.RestAssured.Stop_Finder@65fb9ffc]" started-at="2018-10-14T01:05:06Z" name="verifystatus" finished-at="2018-10-14T01:05:11Z" duration-ms="4353" status="PASS">
          <reporter-output>
          </reporter-output>
        </test-method> <!-- verifystatus -->
        <test-method signature="verifystopsmodes()[pri:0, instance:com.qachallenge.suite.RestAssured.Stop_Finder@65fb9ffc]" started-at="2018-10-14T01:05:11Z" name="verifystopsmodes" finished-at="2018-10-14T01:05:12Z" duration-ms="1500" status="PASS">
          <reporter-output>
          </reporter-output>
        </test-method> <!-- verifystopsmodes -->
        <test-method signature="whenValidateResponseTime_thenSuccess()[pri:0, instance:com.qachallenge.suite.RestAssured.Stop_Finder@65fb9ffc]" started-at="2018-10-14T01:05:12Z" name="whenValidateResponseTime_thenSuccess" finished-at="2018-10-14T01:05:12Z" duration-ms="423" status="PASS">
          <reporter-output>
          </reporter-output>
        </test-method> <!-- whenValidateResponseTime_thenSuccess -->
      </class> <!-- com.qachallenge.suite.RestAssured.Stop_Finder -->
    </test> <!-- Test -->
  </suite> <!-- Suite -->
</testng-results>
