<?xml version="1.0" encoding="UTF-8"?>
<testng-results ignored="0" total="3" passed="3" failed="0" skipped="0">
  <reporter-output>
  </reporter-output>
  <suite started-at="2018-10-14T00:56:55Z" name="Suite" finished-at="2018-10-14T00:57:07Z" duration-ms="11445">
    <groups>
    </groups>
    <test started-at="2018-10-14T00:56:55Z" name="Test" finished-at="2018-10-14T00:57:07Z" duration-ms="11445">
      <class name="com.qachallenge.suite.RestAssured.Stop_Finder">
        <test-method is-config="true" signature="setup()[pri:0, instance:com.qachallenge.suite.RestAssured.Stop_Finder@65fb9ffc]" started-at="2018-10-14T00:56:55Z" name="setup" finished-at="2018-10-14T00:56:58Z" duration-ms="2473" status="PASS">
          <reporter-output>
          </reporter-output>
        </test-method> <!-- setup -->
        <test-method signature="verifystatus()[pri:0, instance:com.qachallenge.suite.RestAssured.Stop_Finder@65fb9ffc]" started-at="2018-10-14T00:56:58Z" name="verifystatus" finished-at="2018-10-14T00:57:04Z" duration-ms="6259" status="PASS">
          <reporter-output>
          </reporter-output>
        </test-method> <!-- verifystatus -->
        <test-method signature="verifystopsmodes()[pri:0, instance:com.qachallenge.suite.RestAssured.Stop_Finder@65fb9ffc]" started-at="2018-10-14T00:57:04Z" name="verifystopsmodes" finished-at="2018-10-14T00:57:06Z" duration-ms="2220" status="PASS">
          <reporter-output>
          </reporter-output>
        </test-method> <!-- verifystopsmodes -->
        <test-method signature="whenValidateResponseTime_thenSuccess()[pri:0, instance:com.qachallenge.suite.RestAssured.Stop_Finder@65fb9ffc]" started-at="2018-10-14T00:57:06Z" name="whenValidateResponseTime_thenSuccess" finished-at="2018-10-14T00:57:07Z" duration-ms="424" status="PASS">
          <reporter-output>
          </reporter-output>
        </test-method> <!-- whenValidateResponseTime_thenSuccess -->
      </class> <!-- com.qachallenge.suite.RestAssured.Stop_Finder -->
    </test> <!-- Test -->
  </suite> <!-- Suite -->
</testng-results>
